<?xml version="1.0" encoding="UTF-8"?>
<!-- Generated by org.testng.reporters.JUnitXMLReporter -->
<testsuite hostname="nhchien" name="BasicTest" tests="3" failures="1" timestamp="1 Jul 2021 10:29:21 GMT" time="1.443" errors="0">
  <testcase name="FirstTest" time="0.004" classname="tests.BasicTest"/>
  <testcase name="SecondTest" time="0.002" classname="tests.BasicTest">
    <failure type="java.lang.AssertionError" message="expected [true] but found [false]">
      <![CDATA[java.lang.AssertionError: expected [true] but found [false]
	at tests.BasicTest.SecondTest(BasicTest.java:34)
... Removed 31 stack frames]]>
    </failure>
  </testcase> <!-- SecondTest -->
  <testcase name="Translate" time="1.407" classname="tests.BasicTest"/>
</testsuite> <!-- BasicTest -->
