<?xml version="1.0" encoding="UTF-8"?>
<testsuite name="BasicTest"
           tests="3"
           failures="0"
           errors="0"
           skipped="0"
           time="1.355">
    <properties></properties>



            <testcase
                name="Translate"
                time="1.353"
                classname="tests.BasicTest">
            </testcase>
            <testcase
                name="SecondTest"
                time="0.000"
                classname="tests.BasicTest">
            </testcase>
            <testcase
                name="FirstTest"
                time="0.002"
                classname="tests.BasicTest">
            </testcase>
</testsuite>
